{"logTime": "0319/203355", "correlationVector":"G+Sulg3t5Cb2NFy61F1ONq.1","action":"SyncServerConnectionManagerRequest", "result":"SYNC_SERVER_OK", "context":{"environment":"Prod_centralus_prod-s01-068-nam-centralus", "migrationStage":"NotStarted", "server":"akswtt00300000p"}}
{"logTime": "0319/203355", "correlationVector":"G+Sulg3t5Cb2NFy61F1ONq.2","action":"ProcessGetUpdates", "result":"Done", "context":{"dataType":"Encryption Keys", "deleted":"0", "process_failed_to_decrypt":"0", "process_pending_decryption":"0", "process_success":"1", "total":"1"}}
{"logTime": "0319/203355", "correlationVector":"fHtBiTK//FtIOBOSXGLb90","action":"SyncServerConnectionManagerRequest", "result":"SYNC_SERVER_OK", "context":{"environment":"", "migrationStage":"", "server":""}}
{"logTime": "0319/203355", "correlationVector":"fHtBiTK//FtIOBOSXGLb90.0","action":"EncryptionKeysFetcher.DownloadKeys:", "result":"Success", "context":Key count: 8, Last key timestamp: 2025-10-29T23:27:40Z}
{"logTime": "0319/203356", "correlationVector":"fHtBiTK//FtIOBOSXGLb90.1","action":"EncryptionKeysManager::SetEncryptionKeys:", "result":"Success", "context":Key names[8]:[G5WdDi5bXgajiPt2i6Cj6NuFFe/f5cSBex1wU8uKvpHXcjwO8ZslSjjqOu6I828OMYcqZShuPUjKMoz9yWlXAw==][ipHcquzfYKoJ1PZvhhEczHbf9JXnud3gbhI8sl6ZzbT/37442/2shl6yqF4o8sMPYdoZSFK3JJKmqGclQkoOOw==][oUiVhZty1ygKYoooBiC1Vlks796fb4hMinNLmIOEdW2G4eIskXjQa8tKZkVzMjk/4/0oH0XKrvH+N7FqP1jVMw==][AaCNSw1rqE02aLPeuMTSGJxpKSf+sxNL/MLc/4q/QkzB6uLXOVB+uZr/UX01GVErtSPvXatMEybTl/uKSXA5uQ==][so6myO3q3LXF30woGxKGhBT3Bdn/Re7gl8MLZY80U3/o5LVnc3HfiF9pV5RPx5+WU81R/Q/pwVJTmw/3AthaAw==][AuVFDmCW2L205PXpa7b54zF8FzSQTPWT2G72OM5Y0F76AcpdWlilSXD4H24FbWH5etIoR3+9Mki+LmCqC3bmZA==][hhfDO0JvXp9Sd8b6JQVtDKT6SjjtwWRFSO7bVcnIUVz5kGB+Z2wx6l2Zr6avmvAKrmttBrl7tDskj9zHljoc/w==][xNAnPubxJTWMp0z9EnuimxkkzxU7ZFsJg+KNsSXYw+lq/eWSO0vKsgQlGh0qN+Krz9ofD54TpPOAYop8n3LC2g==]}
{"logTime": "0319/203356", "correlationVector":"fHtBiTK//FtIOBOSXGLb90.2","action":"EncryptionKeysManager::SetEncryptionKeysWithTimestamps:", "result":"Success", "context":Key timestamps[8]:[2021-05-24T21:24:46Z][2022-09-30T02:20:23Z][2023-04-26T01:26:18Z][2023-11-07T13:06:29Z][2024-05-05T16:34:58Z][2024-11-02T16:02:52Z][2025-05-02T01:48:59Z][2025-10-29T23:27:40Z]}
{"logTime": "0319/203356", "correlationVector":"G+Sulg3t5Cb2NFy61F1ONq","action":"Initial GetUpdates", "result":"", "context":Reason: NEW_CLIENT. cV=G+Sulg3t5Cb2NFy61F1ONq}
{"logTime": "0319/203356", "correlationVector":"G+Sulg3t5Cb2NFy61F1ONq.3","action":"GetUpdates Response", "result":"Success", "context":Received 1 update(s). cV=G+Sulg3t5Cb2NFy61F1ONq.0;server=akswtt00300000p;cloudType=Consumer;environment=Prod_centralus_prod-s01-068-nam-centralus;migrationStage=NotStarted}
{"logTime": "0319/203356", "correlationVector":"7jz1crNMQUBLBNQeYMMJqa","action":"Initial GetUpdates", "result":"", "context":Reason: NEWLY_SUPPORTED_DATATYPE. cV=7jz1crNMQUBLBNQeYMMJqa}
{"logTime": "0319/203357", "correlationVector":"7jz1crNMQUBLBNQeYMMJqa.1","action":"SyncServerConnectionManagerRequest", "result":"SYNC_SERVER_OK", "context":{"environment":"Prod_centralus_prod-s01-068-nam-centralus", "migrationStage":"NotStarted", "server":"akswtt00300000h"}}
{"logTime": "0319/203357", "correlationVector":"7jz1crNMQUBLBNQeYMMJqa.2","action":"ProcessGetUpdates", "result":"Done", "context":{"dataType":"Preferences", "deleted":"7", "process_failed_to_decrypt":"0", "process_pending_decryption":"0", "process_success":"106", "total":"106"}}
{"logTime": "0319/203357", "correlationVector":"7jz1crNMQUBLBNQeYMMJqa.3","action":"ProcessGetUpdates", "result":"Done", "context":{"dataType":"Passwords", "deleted":"3", "process_failed_to_decrypt":"0", "process_pending_decryption":"0", "process_success":"129", "total":"129"}}
{"logTime": "0319/203357", "correlationVector":"7jz1crNMQUBLBNQeYMMJqa.4","action":"ProcessGetUpdates", "result":"Done", "context":{"dataType":"Device Info", "deleted":"0", "process_failed_to_decrypt":"0", "process_pending_decryption":"0", "process_success":"15", "total":"15"}}
{"logTime": "0319/203357", "correlationVector":"7jz1crNMQUBLBNQeYMMJqa.5","action":"GetUpdates Response", "result":"Success", "context":Received 250 update(s). cV=7jz1crNMQUBLBNQeYMMJqa.0;server=akswtt00300000h;cloudType=Consumer;environment=Prod_centralus_prod-s01-068-nam-centralus;migrationStage=NotStarted Some updates remain.}
{"logTime": "0319/203357", "correlationVector":"JDEcce9kI8hjpiuNDX0qCV","action":"Initial GetUpdates", "result":"", "context":Reason: NEWLY_SUPPORTED_DATATYPE. cV=JDEcce9kI8hjpiuNDX0qCV}
{"logTime": "0319/203357", "correlationVector":"JDEcce9kI8hjpiuNDX0qCV.1","action":"SyncServerConnectionManagerRequest", "result":"SYNC_SERVER_OK", "context":{"environment":"Prod_centralus_prod-s01-068-nam-centralus", "migrationStage":"NotStarted", "server":"akswtt00300000q"}}
{"logTime": "0319/203357", "correlationVector":"JDEcce9kI8hjpiuNDX0qCV.2","action":"ProcessGetUpdates", "result":"Done", "context":{"dataType":"Preferences", "deleted":"0", "process_failed_to_decrypt":"0", "process_pending_decryption":"0", "process_success":"8", "total":"8"}}
{"logTime": "0319/203357", "correlationVector":"JDEcce9kI8hjpiuNDX0qCV.3","action":"ProcessGetUpdates", "result":"Done", "context":{"dataType":"Passwords", "deleted":"0", "process_failed_to_decrypt":"0", "process_pending_decryption":"0", "process_success":"204", "total":"204"}}
{"logTime": "0319/203357", "correlationVector":"JDEcce9kI8hjpiuNDX0qCV.4","action":"ProcessGetUpdates", "result":"Done", "context":{"dataType":"Device Info", "deleted":"0", "process_failed_to_decrypt":"0", "process_pending_decryption":"0", "process_success":"1", "total":"1"}}
{"logTime": "0319/203357", "correlationVector":"JDEcce9kI8hjpiuNDX0qCV.5","action":"GetUpdates Response", "result":"Success", "context":Received 213 update(s). cV=JDEcce9kI8hjpiuNDX0qCV.0;server=akswtt00300000q;cloudType=Consumer;environment=Prod_centralus_prod-s01-068-nam-centralus;migrationStage=NotStarted}
{"logTime": "0319/203357", "correlationVector":"+j9GWp5tNSrM8wSuHqehEm","action":"Initial GetUpdates", "result":"", "context":Reason: NEWLY_SUPPORTED_DATATYPE. cV=+j9GWp5tNSrM8wSuHqehEm}
{"logTime": "0319/203358", "correlationVector":"+j9GWp5tNSrM8wSuHqehEm.1","action":"SyncServerConnectionManagerRequest", "result":"SYNC_SERVER_OK", "context":{"environment":"Prod_centralus_prod-s01-068-nam-centralus", "migrationStage":"NotStarted", "server":"akswtt003000014"}}
{"logTime": "0319/203358", "correlationVector":"+j9GWp5tNSrM8wSuHqehEm.2","action":"ProcessGetUpdates", "result":"Done", "context":{"dataType":"Bookmarks", "deleted":"38", "process_failed_to_decrypt":"0", "process_pending_decryption":"0", "process_success":"76", "total":"76"}}
{"logTime": "0319/203358", "correlationVector":"+j9GWp5tNSrM8wSuHqehEm.3","action":"GetUpdates Response", "result":"Success", "context":Received 76 update(s). cV=+j9GWp5tNSrM8wSuHqehEm.0;server=akswtt003000014;cloudType=Consumer;environment=Prod_centralus_prod-s01-068-nam-centralus;migrationStage=NotStarted}
{"logTime": "0319/203358", "correlationVector":"pIkM+PoGN12E5j/WmUt+h9","action":"Initial GetUpdates", "result":"", "context":Reason: NEWLY_SUPPORTED_DATATYPE. cV=pIkM+PoGN12E5j/WmUt+h9}
{"logTime": "0319/203359", "correlationVector":"pIkM+PoGN12E5j/WmUt+h9.1","action":"SyncServerConnectionManagerRequest", "result":"SYNC_SERVER_OK", "context":{"environment":"Prod_eastus2_prod-s01-050-nam-eastus2", "migrationStage":"NotStarted", "server":"akswtt11200001d"}}
{"logTime": "0319/203359", "correlationVector":"pIkM+PoGN12E5j/WmUt+h9.2","action":"ProcessGetUpdates", "result":"Done", "context":{"dataType":"Autofill", "deleted":"0", "process_failed_to_decrypt":"0", "process_pending_decryption":"0", "process_success":"1", "total":"1"}}
{"logTime": "0319/203359", "correlationVector":"pIkM+PoGN12E5j/WmUt+h9.3","action":"ProcessGetUpdates", "result":"Done", "context":{"dataType":"Extensions", "deleted":"0", "process_failed_to_decrypt":"0", "process_pending_decryption":"0", "process_success":"9", "total":"9"}}
{"logTime": "0319/203359", "correlationVector":"pIkM+PoGN12E5j/WmUt+h9.4","action":"ProcessGetUpdates", "result":"Done", "context":{"dataType":"Sessions", "deleted":"224", "process_failed_to_decrypt":"0", "process_pending_decryption":"0", "process_success":"224", "total":"224"}}
{"logTime": "0319/203359", "correlationVector":"pIkM+PoGN12E5j/WmUt+h9.5","action":"ProcessGetUpdates", "result":"Done", "context":{"dataType":"Extension settings", "deleted":"0", "process_failed_to_decrypt":"0", "process_pending_decryption":"0", "process_success":"6", "total":"6"}}
{"logTime": "0319/203359", "correlationVector":"pIkM+PoGN12E5j/WmUt+h9.6","action":"ProcessGetUpdates", "result":"Done", "context":{"dataType":"Edge Hub App Usage", "deleted":"5", "process_failed_to_decrypt":"0", "process_pending_decryption":"0", "process_success":"10", "total":"10"}}
{"logTime": "0319/203359", "correlationVector":"pIkM+PoGN12E5j/WmUt+h9.7","action":"GetUpdates Response", "result":"Success", "context":Received 250 update(s). cV=pIkM+PoGN12E5j/WmUt+h9.0;server=akswtt11200001d;cloudType=Consumer;environment=Prod_eastus2_prod-s01-050-nam-eastus2;migrationStage=NotStarted Some updates remain.}
{"logTime": "0319/203359", "correlationVector":"8rBNqbeA61ObKEys1yGRXs","action":"Initial GetUpdates", "result":"", "context":Reason: NEWLY_SUPPORTED_DATATYPE. cV=8rBNqbeA61ObKEys1yGRXs}
{"logTime": "0319/203401", "correlationVector":"8rBNqbeA61ObKEys1yGRXs.1","action":"SyncServerConnectionManagerRequest", "result":"SYNC_SERVER_OK", "context":{"environment":"Prod_centralus_prod-s01-068-nam-centralus", "migrationStage":"NotStarted", "server":"akswtt00300000l"}}
{"logTime": "0319/203401", "correlationVector":"8rBNqbeA61ObKEys1yGRXs.2","action":"ProcessGetUpdates", "result":"Done", "context":{"dataType":"Extensions", "deleted":"0", "process_failed_to_decrypt":"0", "process_pending_decryption":"0", "process_success":"1", "total":"1"}}
{"logTime": "0319/203401", "correlationVector":"8rBNqbeA61ObKEys1yGRXs.3","action":"ProcessGetUpdates", "result":"Done", "context":{"dataType":"Sessions", "deleted":"245", "process_failed_to_decrypt":"0", "process_pending_decryption":"0", "process_success":"245", "total":"245"}}
{"logTime": "0319/203401", "correlationVector":"8rBNqbeA61ObKEys1yGRXs.4","action":"ProcessGetUpdates", "result":"Done", "context":{"dataType":"Edge Hub App Usage", "deleted":"4", "process_failed_to_decrypt":"0", "process_pending_decryption":"0", "process_success":"4", "total":"4"}}
{"logTime": "0319/203401", "correlationVector":"8rBNqbeA61ObKEys1yGRXs.5","action":"GetUpdates Response", "result":"Success", "context":Received 250 update(s). cV=8rBNqbeA61ObKEys1yGRXs.0;server=akswtt00300000l;cloudType=Consumer;environment=Prod_centralus_prod-s01-068-nam-centralus;migrationStage=NotStarted Some updates remain.}
{"logTime": "0319/203401", "correlationVector":"dOj6Hyt5p0tOc+D5GG2WGm","action":"Initial GetUpdates", "result":"", "context":Reason: NEWLY_SUPPORTED_DATATYPE. cV=dOj6Hyt5p0tOc+D5GG2WGm}
{"logTime": "0319/203401", "correlationVector":"dOj6Hyt5p0tOc+D5GG2WGm.1","action":"SyncServerConnectionManagerRequest", "result":"SYNC_SERVER_OK", "context":{"environment":"Prod_centralus_prod-s01-068-nam-centralus", "migrationStage":"NotStarted", "server":"akswtt003000006"}}
{"logTime": "0319/203401", "correlationVector":"dOj6Hyt5p0tOc+D5GG2WGm.2","action":"ProcessGetUpdates", "result":"Done", "context":{"dataType":"Extensions", "deleted":"0", "process_failed_to_decrypt":"0", "process_pending_decryption":"0", "process_success":"2", "total":"2"}}
{"logTime": "0319/203401", "correlationVector":"dOj6Hyt5p0tOc+D5GG2WGm.3","action":"ProcessGetUpdates", "result":"Done", "context":{"dataType":"Sessions", "deleted":"70", "process_failed_to_decrypt":"0", "process_pending_decryption":"0", "process_success":"89", "total":"89"}}
{"logTime": "0319/203401", "correlationVector":"dOj6Hyt5p0tOc+D5GG2WGm.4","action":"ProcessGetUpdates", "result":"Done", "context":{"dataType":"Edge Hub App Usage", "deleted":"3", "process_failed_to_decrypt":"0", "process_pending_decryption":"0", "process_success":"3", "total":"3"}}
{"logTime": "0319/203401", "correlationVector":"dOj6Hyt5p0tOc+D5GG2WGm.5","action":"GetUpdates Response", "result":"Success", "context":Received 94 update(s). cV=dOj6Hyt5p0tOc+D5GG2WGm.0;server=akswtt003000006;cloudType=Consumer;environment=Prod_centralus_prod-s01-068-nam-centralus;migrationStage=NotStarted}
{"logTime": "0319/203401", "correlationVector":"qt0QAHTqbXQXHNeVNz9UVZ","action":"Initial GetUpdates", "result":"", "context":Reason: NEWLY_SUPPORTED_DATATYPE. cV=qt0QAHTqbXQXHNeVNz9UVZ}
{"logTime": "0319/203403", "correlationVector":"qt0QAHTqbXQXHNeVNz9UVZ.1","action":"SyncServerConnectionManagerRequest", "result":"SYNC_SERVER_OK", "context":{"environment":"Prod_centralus_prod-s01-068-nam-centralus", "migrationStage":"NotStarted", "server":"akswtt003000005"}}
{"logTime": "0319/203403", "correlationVector":"qt0QAHTqbXQXHNeVNz9UVZ.2","action":"ProcessGetUpdates", "result":"Done", "context":{"dataType":"History", "deleted":"0", "process_failed_to_decrypt":"0", "process_pending_decryption":"0", "process_success":"250", "total":"250"}}
{"logTime": "0319/203403", "correlationVector":"qt0QAHTqbXQXHNeVNz9UVZ.3","action":"GetUpdates Response", "result":"Success", "context":Received 250 update(s). cV=qt0QAHTqbXQXHNeVNz9UVZ.0;server=akswtt003000005;cloudType=Consumer;environment=Prod_centralus_prod-s01-068-nam-centralus;migrationStage=NotStarted Some updates remain.}
{"logTime": "0319/203403", "correlationVector":"uhJsqRgz7ZTuauqcBO+ftd","action":"Initial GetUpdates", "result":"", "context":Reason: NEWLY_SUPPORTED_DATATYPE. cV=uhJsqRgz7ZTuauqcBO+ftd}
{"logTime": "0319/203403", "correlationVector":"uhJsqRgz7ZTuauqcBO+ftd.1","action":"SyncServerConnectionManagerRequest", "result":"SYNC_SERVER_OK", "context":{"environment":"Prod_centralus_prod-s01-068-nam-centralus", "migrationStage":"NotStarted", "server":"akswtt003000012"}}
{"logTime": "0319/203403", "correlationVector":"uhJsqRgz7ZTuauqcBO+ftd.2","action":"ProcessGetUpdates", "result":"Done", "context":{"dataType":"History", "deleted":"0", "process_failed_to_decrypt":"0", "process_pending_decryption":"0", "process_success":"250", "total":"250"}}
{"logTime": "0319/203403", "correlationVector":"uhJsqRgz7ZTuauqcBO+ftd.3","action":"GetUpdates Response", "result":"Success", "context":Received 250 update(s). cV=uhJsqRgz7ZTuauqcBO+ftd.0;server=akswtt003000012;cloudType=Consumer;environment=Prod_centralus_prod-s01-068-nam-centralus;migrationStage=NotStarted Some updates remain.}
{"logTime": "0319/203403", "correlationVector":"OEzsi6IzNc7qa50HSl6WIU","action":"Initial GetUpdates", "result":"", "context":Reason: NEWLY_SUPPORTED_DATATYPE. cV=OEzsi6IzNc7qa50HSl6WIU}
{"logTime": "0319/203404", "correlationVector":"OEzsi6IzNc7qa50HSl6WIU.1","action":"SyncServerConnectionManagerRequest", "result":"SYNC_SERVER_OK", "context":{"environment":"Prod_centralus_prod-s01-068-nam-centralus", "migrationStage":"NotStarted", "server":"akswtt00300000q"}}
{"logTime": "0319/203404", "correlationVector":"OEzsi6IzNc7qa50HSl6WIU.2","action":"ProcessGetUpdates", "result":"Done", "context":{"dataType":"History", "deleted":"0", "process_failed_to_decrypt":"0", "process_pending_decryption":"0", "process_success":"250", "total":"250"}}
{"logTime": "0319/203404", "correlationVector":"OEzsi6IzNc7qa50HSl6WIU.3","action":"GetUpdates Response", "result":"Success", "context":Received 250 update(s). cV=OEzsi6IzNc7qa50HSl6WIU.0;server=akswtt00300000q;cloudType=Consumer;environment=Prod_centralus_prod-s01-068-nam-centralus;migrationStage=NotStarted Some updates remain.}
{"logTime": "0319/203404", "correlationVector":"fnXSEs5X46YduFNsii8w6d","action":"Initial GetUpdates", "result":"", "context":Reason: NEWLY_SUPPORTED_DATATYPE. cV=fnXSEs5X46YduFNsii8w6d}
{"logTime": "0319/203405", "correlationVector":"fnXSEs5X46YduFNsii8w6d.1","action":"SyncServerConnectionManagerRequest", "result":"SYNC_SERVER_OK", "context":{"environment":"Prod_centralus_prod-s01-068-nam-centralus", "migrationStage":"NotStarted", "server":"akswtt00300000i"}}
{"logTime": "0319/203405", "correlationVector":"fnXSEs5X46YduFNsii8w6d.2","action":"ProcessGetUpdates", "result":"Done", "context":{"dataType":"History", "deleted":"0", "process_failed_to_decrypt":"0", "process_pending_decryption":"0", "process_success":"184", "total":"184"}}
{"logTime": "0319/203405", "correlationVector":"fnXSEs5X46YduFNsii8w6d.3","action":"GetUpdates Response", "result":"Success", "context":Received 184 update(s). cV=fnXSEs5X46YduFNsii8w6d.0;server=akswtt00300000i;cloudType=Consumer;environment=Prod_centralus_prod-s01-068-nam-centralus;migrationStage=NotStarted}
{"logTime": "0319/203405", "correlationVector":"+tp7Lg12mtS77A0Y9+vY8C","action":"Normal GetUpdate request", "result":"", "context":cV=+tp7Lg12mtS77A0Y9+vY8C
Nudged types: Sessions, Device Info, User Consents
Refresh requested types: Bookmarks, Preferences, Passwords, Autofill Profiles, Autofill, Extensions, Sessions, Extension settings, History Delete Directives, Device Info, User Consents, Send Tab To Self, Web Apps, History, Saved Tab Group, WebAuthn Credentials, Collection, Edge E Drop, Edge Hub App Usage, Edge Wallet, Edge Workspace, Encryption Keys}
{"logTime": "0319/203405", "correlationVector":"+tp7Lg12mtS77A0Y9+vY8C.1","action":"SyncServerConnectionManagerRequest", "result":"SYNC_SERVER_OK", "context":{"environment":"Prod_centralus_prod-s01-068-nam-centralus", "migrationStage":"NotStarted", "server":"akswtt00300000j"}}
{"logTime": "0319/203405", "correlationVector":"+tp7Lg12mtS77A0Y9+vY8C.2","action":"GetUpdates Response", "result":"Success", "context":Received 0 update(s). cV=+tp7Lg12mtS77A0Y9+vY8C.0;server=akswtt00300000j;cloudType=Consumer;environment=Prod_centralus_prod-s01-068-nam-centralus;migrationStage=NotStarted}
{"logTime": "0319/203405", "correlationVector":"OAav/wGUhghxi6IVh8snM1","action":"Commit Request", "result":"", "context":Item count: 6
Contributing types: Sessions, Device Info, User Consents, History}
{"logTime": "0319/203406", "correlationVector":"OAav/wGUhghxi6IVh8snM1.1","action":"SyncServerConnectionManagerRequest", "result":"SYNC_SERVER_OK", "context":{"environment":"Prod_centralus_prod-s01-068-nam-centralus", "migrationStage":"NotStarted", "server":"akswtt003000014"}}
{"logTime": "0319/203406", "correlationVector":"OAav/wGUhghxi6IVh8snM1.2","action":"Commit Response", "result":"Success", "context":Result: Success. cV=OAav/wGUhghxi6IVh8snM1.0;server=akswtt003000014;cloudType=Consumer;environment=Prod_centralus_prod-s01-068-nam-centralus;migrationStage=NotStarted}
{"logTime": "0319/203450", "correlationVector":"B13beufXPatCfq0ZhmjRjE","action":"Commit Request", "result":"", "context":Item count: 40
Contributing types: Passwords}
{"logTime": "0319/203452", "correlationVector":"B13beufXPatCfq0ZhmjRjE.1","action":"SyncServerConnectionManagerRequest", "result":"SYNC_SERVER_OK", "context":{"environment":"Prod_centralus_prod-s01-068-nam-centralus", "migrationStage":"NotStarted", "server":"akswtt00300000o"}}
{"logTime": "0319/203452", "correlationVector":"B13beufXPatCfq0ZhmjRjE.2","action":"Commit Response", "result":"Success", "context":Result: Success. cV=B13beufXPatCfq0ZhmjRjE.0;server=akswtt00300000o;cloudType=Consumer;environment=Prod_centralus_prod-s01-068-nam-centralus;migrationStage=NotStarted}
{"logTime": "0319/203452", "correlationVector":"OKDloj4C2bQwecHcZ54fcp","action":"Commit Request", "result":"", "context":Item count: 40
Contributing types: Passwords}
{"logTime": "0319/203455", "correlationVector":"OKDloj4C2bQwecHcZ54fcp.1","action":"SyncServerConnectionManagerRequest", "result":"SYNC_SERVER_OK", "context":{"environment":"Prod_eastus2_prod-s01-050-nam-eastus2", "migrationStage":"NotStarted", "server":"akswtt112000019"}}
{"logTime": "0319/203455", "correlationVector":"OKDloj4C2bQwecHcZ54fcp.2","action":"Commit Response", "result":"Success", "context":Result: Success. cV=OKDloj4C2bQwecHcZ54fcp.0;server=akswtt112000019;cloudType=Consumer;environment=Prod_eastus2_prod-s01-050-nam-eastus2;migrationStage=NotStarted}
{"logTime": "0319/203455", "correlationVector":"pcEDGK+D509x39nYdIcZIr","action":"Commit Request", "result":"", "context":Item count: 40
Contributing types: Passwords}
{"logTime": "0319/203457", "correlationVector":"pcEDGK+D509x39nYdIcZIr.1","action":"SyncServerConnectionManagerRequest", "result":"SYNC_SERVER_OK", "context":{"environment":"Prod_centralus_prod-s01-068-nam-centralus", "migrationStage":"NotStarted", "server":"akswtt003000001"}}
{"logTime": "0319/203457", "correlationVector":"pcEDGK+D509x39nYdIcZIr.2","action":"Commit Response", "result":"Success", "context":Result: Success. cV=pcEDGK+D509x39nYdIcZIr.0;server=akswtt003000001;cloudType=Consumer;environment=Prod_centralus_prod-s01-068-nam-centralus;migrationStage=NotStarted}
{"logTime": "0319/203457", "correlationVector":"tm+VBJTuY5JBkSojeUOl22","action":"Commit Request", "result":"", "context":Item count: 40
Contributing types: Passwords}
{"logTime": "0319/203459", "correlationVector":"tm+VBJTuY5JBkSojeUOl22.1","action":"SyncServerConnectionManagerRequest", "result":"SYNC_SERVER_OK", "context":{"environment":"Prod_centralus_prod-s01-068-nam-centralus", "migrationStage":"NotStarted", "server":"akswtt003000011"}}
{"logTime": "0319/203459", "correlationVector":"tm+VBJTuY5JBkSojeUOl22.2","action":"Commit Response", "result":"Success", "context":Result: Success. cV=tm+VBJTuY5JBkSojeUOl22.0;server=akswtt003000011;cloudType=Consumer;environment=Prod_centralus_prod-s01-068-nam-centralus;migrationStage=NotStarted}
{"logTime": "0319/203459", "correlationVector":"Hjoz0lvdBroYJauVPE07a8","action":"Commit Request", "result":"", "context":Item count: 40
Contributing types: Passwords}
{"logTime": "0319/203502", "correlationVector":"Hjoz0lvdBroYJauVPE07a8.1","action":"SyncServerConnectionManagerRequest", "result":"SYNC_SERVER_OK", "context":{"environment":"Prod_centralus_prod-s01-068-nam-centralus", "migrationStage":"NotStarted", "server":"akswtt003000014"}}
{"logTime": "0319/203502", "correlationVector":"Hjoz0lvdBroYJauVPE07a8.2","action":"Commit Response", "result":"Success", "context":Result: Success. cV=Hjoz0lvdBroYJauVPE07a8.0;server=akswtt003000014;cloudType=Consumer;environment=Prod_centralus_prod-s01-068-nam-centralus;migrationStage=NotStarted}
{"logTime": "0319/203502", "correlationVector":"36PCXIiQUgy+cjdX2FuWaP","action":"Commit Request", "result":"", "context":Item count: 40
Contributing types: Passwords}
{"logTime": "0319/203504", "correlationVector":"36PCXIiQUgy+cjdX2FuWaP.1","action":"SyncServerConnectionManagerRequest", "result":"SYNC_SERVER_OK", "context":{"environment":"Prod_centralus_prod-s01-068-nam-centralus", "migrationStage":"NotStarted", "server":"akswtt00300000b"}}
{"logTime": "0319/203504", "correlationVector":"36PCXIiQUgy+cjdX2FuWaP.2","action":"Commit Response", "result":"Success", "context":Result: Success. cV=36PCXIiQUgy+cjdX2FuWaP.0;server=akswtt00300000b;cloudType=Consumer;environment=Prod_centralus_prod-s01-068-nam-centralus;migrationStage=NotStarted}
{"logTime": "0319/203504", "correlationVector":"vR7jj5rNaiIh1IBR2FPSPX","action":"Commit Request", "result":"", "context":Item count: 40
Contributing types: Passwords}
{"logTime": "0319/203506", "correlationVector":"vR7jj5rNaiIh1IBR2FPSPX.1","action":"SyncServerConnectionManagerRequest", "result":"SYNC_SERVER_OK", "context":{"environment":"Prod_eastus2_prod-s01-050-nam-eastus2", "migrationStage":"NotStarted", "server":"akswtt112000019"}}
{"logTime": "0319/203506", "correlationVector":"vR7jj5rNaiIh1IBR2FPSPX.2","action":"Commit Response", "result":"Success", "context":Result: Success. cV=vR7jj5rNaiIh1IBR2FPSPX.0;server=akswtt112000019;cloudType=Consumer;environment=Prod_eastus2_prod-s01-050-nam-eastus2;migrationStage=NotStarted}
{"logTime": "0319/203506", "correlationVector":"FVqsYinEhLjM7TZhBWyTog","action":"Commit Request", "result":"", "context":Item count: 39
Contributing types: Passwords, Sessions, History}
{"logTime": "0319/203508", "correlationVector":"FVqsYinEhLjM7TZhBWyTog.1","action":"SyncServerConnectionManagerRequest", "result":"SYNC_SERVER_OK", "context":{"environment":"Prod_eastus2_prod-s01-050-nam-eastus2", "migrationStage":"NotStarted", "server":"akswtt11200000d"}}
{"logTime": "0319/203508", "correlationVector":"FVqsYinEhLjM7TZhBWyTog.2","action":"Commit Response", "result":"Success", "context":Result: Success. cV=FVqsYinEhLjM7TZhBWyTog.0;server=akswtt11200000d;cloudType=Consumer;environment=Prod_eastus2_prod-s01-050-nam-eastus2;migrationStage=NotStarted}
{"logTime": "0319/203531", "correlationVector":"5HeoAv4sRHrWqMjAuUqXFr","action":"Commit Request", "result":"", "context":Item count: 40
Contributing types: Passwords}
{"logTime": "0319/203533", "correlationVector":"5HeoAv4sRHrWqMjAuUqXFr.1","action":"SyncServerConnectionManagerRequest", "result":"SYNC_SERVER_OK", "context":{"environment":"Prod_centralus_prod-s01-068-nam-centralus", "migrationStage":"NotStarted", "server":"akswtt003000005"}}
{"logTime": "0319/203533", "correlationVector":"5HeoAv4sRHrWqMjAuUqXFr.2","action":"Commit Response", "result":"Success", "context":Result: Success. cV=5HeoAv4sRHrWqMjAuUqXFr.0;server=akswtt003000005;cloudType=Consumer;environment=Prod_centralus_prod-s01-068-nam-centralus;migrationStage=NotStarted}
{"logTime": "0319/203533", "correlationVector":"4dYJkwwvZDKAVb2T81YEnV","action":"Commit Request", "result":"", "context":Item count: 40
Contributing types: Passwords}
{"logTime": "0319/203535", "correlationVector":"4dYJkwwvZDKAVb2T81YEnV.1","action":"SyncServerConnectionManagerRequest", "result":"SYNC_SERVER_OK", "context":{"environment":"Prod_centralus_prod-s01-068-nam-centralus", "migrationStage":"NotStarted", "server":"akswtt003000012"}}
{"logTime": "0319/203535", "correlationVector":"4dYJkwwvZDKAVb2T81YEnV.2","action":"Commit Response", "result":"Success", "context":Result: Success. cV=4dYJkwwvZDKAVb2T81YEnV.0;server=akswtt003000012;cloudType=Consumer;environment=Prod_centralus_prod-s01-068-nam-centralus;migrationStage=NotStarted}
{"logTime": "0319/203535", "correlationVector":"TDvVaTp+RcLAz9QgZhWj39","action":"Commit Request", "result":"", "context":Item count: 40
Contributing types: Passwords}
{"logTime": "0319/203537", "correlationVector":"TDvVaTp+RcLAz9QgZhWj39.1","action":"SyncServerConnectionManagerRequest", "result":"SYNC_SERVER_OK", "context":{"environment":"Prod_centralus_prod-s01-068-nam-centralus", "migrationStage":"NotStarted", "server":"akswtt00300000o"}}
{"logTime": "0319/203537", "correlationVector":"TDvVaTp+RcLAz9QgZhWj39.2","action":"Commit Response", "result":"Success", "context":Result: Success. cV=TDvVaTp+RcLAz9QgZhWj39.0;server=akswtt00300000o;cloudType=Consumer;environment=Prod_centralus_prod-s01-068-nam-centralus;migrationStage=NotStarted}
{"logTime": "0319/203537", "correlationVector":"1cnL/DYfIJ78vfa/lbAcOv","action":"Commit Request", "result":"", "context":Item count: 40
Contributing types: Passwords}
{"logTime": "0319/203540", "correlationVector":"1cnL/DYfIJ78vfa/lbAcOv.1","action":"SyncServerConnectionManagerRequest", "result":"SYNC_SERVER_OK", "context":{"environment":"Prod_centralus_prod-s01-068-nam-centralus", "migrationStage":"NotStarted", "server":"akswtt00300000d"}}
{"logTime": "0319/203540", "correlationVector":"1cnL/DYfIJ78vfa/lbAcOv.2","action":"Commit Response", "result":"Success", "context":Result: Success. cV=1cnL/DYfIJ78vfa/lbAcOv.0;server=akswtt00300000d;cloudType=Consumer;environment=Prod_centralus_prod-s01-068-nam-centralus;migrationStage=NotStarted}
{"logTime": "0319/203540", "correlationVector":"XzCdu0taOyCeuHm8xM/iKi","action":"Commit Request", "result":"", "context":Item count: 40
Contributing types: Passwords}
{"logTime": "0319/203543", "correlationVector":"XzCdu0taOyCeuHm8xM/iKi.1","action":"SyncServerConnectionManagerRequest", "result":"SYNC_SERVER_OK", "context":{"environment":"Prod_centralus_prod-s01-068-nam-centralus", "migrationStage":"NotStarted", "server":"akswtt00300000g"}}
{"logTime": "0319/203543", "correlationVector":"XzCdu0taOyCeuHm8xM/iKi.2","action":"Commit Response", "result":"Success", "context":Result: Success. cV=XzCdu0taOyCeuHm8xM/iKi.0;server=akswtt00300000g;cloudType=Consumer;environment=Prod_centralus_prod-s01-068-nam-centralus;migrationStage=NotStarted}
{"logTime": "0319/203543", "correlationVector":"93cQGhEHHSA3bPRj8llisd","action":"Commit Request", "result":"", "context":Item count: 40
Contributing types: Passwords}
{"logTime": "0319/203548", "correlationVector":"93cQGhEHHSA3bPRj8llisd.1","action":"SyncServerConnectionManagerRequest", "result":"SYNC_SERVER_OK", "context":{"environment":"Prod_eastus2_prod-s01-050-nam-eastus2", "migrationStage":"NotStarted", "server":"akswtt11200000p"}}
{"logTime": "0319/203548", "correlationVector":"93cQGhEHHSA3bPRj8llisd.2","action":"Commit Response", "result":"Success", "context":Result: Success. cV=93cQGhEHHSA3bPRj8llisd.0;server=akswtt11200000p;cloudType=Consumer;environment=Prod_eastus2_prod-s01-050-nam-eastus2;migrationStage=NotStarted}
{"logTime": "0319/203548", "correlationVector":"bWmfGFgn+K0MKW9kTqpgcS","action":"Commit Request", "result":"", "context":Item count: 40
Contributing types: Passwords}
{"logTime": "0319/203551", "correlationVector":"bWmfGFgn+K0MKW9kTqpgcS.1","action":"SyncServerConnectionManagerRequest", "result":"SYNC_SERVER_OK", "context":{"environment":"Prod_centralus_prod-s01-068-nam-centralus", "migrationStage":"NotStarted", "server":"akswtt003000005"}}
{"logTime": "0319/203551", "correlationVector":"bWmfGFgn+K0MKW9kTqpgcS.2","action":"Commit Response", "result":"Success", "context":Result: Success. cV=bWmfGFgn+K0MKW9kTqpgcS.0;server=akswtt003000005;cloudType=Consumer;environment=Prod_centralus_prod-s01-068-nam-centralus;migrationStage=NotStarted}
{"logTime": "0319/203551", "correlationVector":"ChAfmrqy+JYiWpqbpG4PA6","action":"Commit Request", "result":"", "context":Item count: 21
Contributing types: Preferences, Passwords}
{"logTime": "0319/203552", "correlationVector":"ChAfmrqy+JYiWpqbpG4PA6.1","action":"SyncServerConnectionManagerRequest", "result":"SYNC_SERVER_OK", "context":{"environment":"Prod_centralus_prod-s01-068-nam-centralus", "migrationStage":"NotStarted", "server":"akswtt00300000o"}}
{"logTime": "0319/203552", "correlationVector":"ChAfmrqy+JYiWpqbpG4PA6.2","action":"Commit Response", "result":"Success", "context":Result: Success. cV=ChAfmrqy+JYiWpqbpG4PA6.0;server=akswtt00300000o;cloudType=Consumer;environment=Prod_centralus_prod-s01-068-nam-centralus;migrationStage=NotStarted}
{"logTime": "0319/203652", "correlationVector":"x7nYffSxVbb1NHIisXz9o+","action":"Commit Request", "result":"", "context":Item count: 3
Contributing types: Sessions, History}
{"logTime": "0319/203653", "correlationVector":"x7nYffSxVbb1NHIisXz9o+.1","action":"SyncServerConnectionManagerRequest", "result":"SYNC_SERVER_OK", "context":{"environment":"Prod_centralus_prod-s01-068-nam-centralus", "migrationStage":"NotStarted", "server":"akswtt003000011"}}
{"logTime": "0319/203653", "correlationVector":"x7nYffSxVbb1NHIisXz9o+.2","action":"Commit Response", "result":"Success", "context":Result: Success. cV=x7nYffSxVbb1NHIisXz9o+.0;server=akswtt003000011;cloudType=Consumer;environment=Prod_centralus_prod-s01-068-nam-centralus;migrationStage=NotStarted}
{"logTime": "0319/205420", "correlationVector":"VLuav4QaqyrOQTiNiHsR5w","action":"Normal GetUpdate request", "result":"", "context":cV=VLuav4QaqyrOQTiNiHsR5w
Notified types: Device Info}
{"logTime": "0319/205425", "correlationVector":"VLuav4QaqyrOQTiNiHsR5w.1","action":"SyncServerConnectionManagerRequest", "result":"SYNC_SERVER_OK", "context":{"environment":"Prod_eastus2_prod-s01-050-nam-eastus2", "migrationStage":"NotStarted", "server":"akswtt11200001i"}}
{"logTime": "0319/205425", "correlationVector":"VLuav4QaqyrOQTiNiHsR5w.2","action":"ProcessGetUpdates", "result":"Done", "context":{"dataType":"Passwords", "deleted":"0", "process_failed_to_decrypt":"0", "process_pending_decryption":"0", "process_success":"248", "total":"248"}}
{"logTime": "0319/205425", "correlationVector":"VLuav4QaqyrOQTiNiHsR5w.3","action":"ProcessGetUpdates", "result":"Done", "context":{"dataType":"Sessions", "deleted":"0", "process_failed_to_decrypt":"0", "process_pending_decryption":"0", "process_success":"1", "total":"1"}}
{"logTime": "0319/205425", "correlationVector":"VLuav4QaqyrOQTiNiHsR5w.4","action":"ProcessGetUpdates", "result":"Done", "context":{"dataType":"Device Info", "deleted":"0", "process_failed_to_decrypt":"0", "process_pending_decryption":"0", "process_success":"1", "total":"1"}}
{"logTime": "0319/205425", "correlationVector":"VLuav4QaqyrOQTiNiHsR5w.5","action":"ProcessGetUpdates", "result":"Done", "context":{"dataType":"History", "deleted":"0", "process_failed_to_decrypt":"0", "process_pending_decryption":"0", "process_success":"5", "total":"5"}}
{"logTime": "0319/205425", "correlationVector":"VLuav4QaqyrOQTiNiHsR5w.6","action":"GetUpdates Response", "result":"Success", "context":Received 255 update(s). cV=VLuav4QaqyrOQTiNiHsR5w.0;server=akswtt11200001i;cloudType=Consumer;environment=Prod_eastus2_prod-s01-050-nam-eastus2;migrationStage=NotStarted Some updates remain.}
{"logTime": "0319/205425", "correlationVector":"4OSBRZpot0hXZxtYF9eEcH","action":"Normal GetUpdate request", "result":"", "context":cV=4OSBRZpot0hXZxtYF9eEcH
Notified types: Device Info}
{"logTime": "0319/205427", "correlationVector":"4OSBRZpot0hXZxtYF9eEcH.1","action":"SyncServerConnectionManagerRequest", "result":"SYNC_SERVER_OK", "context":{"environment":"Prod_eastus2_prod-s01-050-nam-eastus2", "migrationStage":"NotStarted", "server":"akswtt112000000"}}
{"logTime": "0319/205427", "correlationVector":"4OSBRZpot0hXZxtYF9eEcH.2","action":"ProcessGetUpdates", "result":"Done", "context":{"dataType":"Preferences", "deleted":"0", "process_failed_to_decrypt":"0", "process_pending_decryption":"0", "process_success":"1", "total":"1"}}
{"logTime": "0319/205427", "correlationVector":"4OSBRZpot0hXZxtYF9eEcH.3","action":"ProcessGetUpdates", "result":"Done", "context":{"dataType":"Passwords", "deleted":"0", "process_failed_to_decrypt":"0", "process_pending_decryption":"0", "process_success":"65", "total":"65"}}
{"logTime": "0319/205427", "correlationVector":"4OSBRZpot0hXZxtYF9eEcH.4","action":"ProcessGetUpdates", "result":"Done", "context":{"dataType":"Sessions", "deleted":"0", "process_failed_to_decrypt":"0", "process_pending_decryption":"0", "process_success":"1", "total":"1"}}
{"logTime": "0319/205427", "correlationVector":"4OSBRZpot0hXZxtYF9eEcH.5","action":"ProcessGetUpdates", "result":"Done", "context":{"dataType":"Device Info", "deleted":"0", "process_failed_to_decrypt":"0", "process_pending_decryption":"0", "process_success":"1", "total":"1"}}
{"logTime": "0319/205427", "correlationVector":"4OSBRZpot0hXZxtYF9eEcH.6","action":"ProcessGetUpdates", "result":"Done", "context":{"dataType":"History", "deleted":"0", "process_failed_to_decrypt":"0", "process_pending_decryption":"0", "process_success":"2", "total":"2"}}
{"logTime": "0319/205427", "correlationVector":"4OSBRZpot0hXZxtYF9eEcH.7","action":"GetUpdates Response", "result":"Success", "context":Received 70 update(s). cV=4OSBRZpot0hXZxtYF9eEcH.0;server=akswtt112000000;cloudType=Consumer;environment=Prod_eastus2_prod-s01-050-nam-eastus2;migrationStage=NotStarted}
{"logTime": "0319/205427", "correlationVector":"E3j3pNL6M7w/i0uup5Eqwb","action":"DoCompareDataConsistency requsted types: ", "result":"Bookmarks, Preferences, Passwords, Extensions, Extension settings, History Delete Directives, Send Tab To Self, Web Apps, History, Saved Tab Group, WebAuthn Credentials, Collection, Edge E Drop, Edge Wallet, Edge Workspace, Encryption Keys"}
{"logTime": "0319/205427", "correlationVector":"E3j3pNL6M7w/i0uup5Eqwb.0","action":"CompareDataConsistency result: ", "result":"Compare result: Encryption Keys is consistent. local entities count is: 1 local entities hash is: gv9JWyArcJtOM3hBRUt7XIT1DWg="}
{"logTime": "0319/205427", "correlationVector":"E3j3pNL6M7w/i0uup5Eqwb.1","action":"CompareDataConsistency result: ", "result":"Compare result: Bookmarks is consistent. local entities count is: 32 local entities hash is: M8KlBIGXxc2VJApIkmO6QPdJ20o="}
{"logTime": "0319/205427", "correlationVector":"E3j3pNL6M7w/i0uup5Eqwb.2","action":"CompareDataConsistency result: ", "result":"Compare result: Preferences is consistent. local entities count is: 107 local entities hash is: KOtEAc9dKw61Fs4nrtF+CIObObc="}
{"logTime": "0319/205427", "correlationVector":"E3j3pNL6M7w/i0uup5Eqwb.3","action":"CompareDataConsistency result: ", "result":"Compare result: Extensions is consistent. local entities count is: 12 local entities hash is: J1HjHMU1/1y5l59l+/O53W6iv5Y="}
{"logTime": "0319/205427", "correlationVector":"E3j3pNL6M7w/i0uup5Eqwb.4","action":"CompareDataConsistency result: ", "result":"Compare result: Extension settings is consistent. local entities count is: 6 local entities hash is: irXzgfUGDwSAFp8KPSYjLjF2tGk="}
{"logTime": "0319/205427", "correlationVector":"E3j3pNL6M7w/i0uup5Eqwb.5","action":"CompareDataConsistency result: ", "result":"Compare result: History Delete Directives is consistent. local entities count is: 0 local entities hash is: "}
{"logTime": "0319/205427", "correlationVector":"E3j3pNL6M7w/i0uup5Eqwb.6","action":"CompareDataConsistency result: ", "result":"Server did not send this Send Tab To Self local entities count is: 0 local entities hash is: "}
{"logTime": "0319/205427", "correlationVector":"E3j3pNL6M7w/i0uup5Eqwb.7","action":"CompareDataConsistency result: ", "result":"Compare result: Web Apps is consistent. local entities count is: 0 local entities hash is: "}
{"logTime": "0319/205427", "correlationVector":"E3j3pNL6M7w/i0uup5Eqwb.8","action":"CompareDataConsistency result: ", "result":"Server did not send this History local entities count is: 0 local entities hash is: "}
{"logTime": "0319/205427", "correlationVector":"E3j3pNL6M7w/i0uup5Eqwb.9","action":"CompareDataConsistency result: ", "result":"Compare result: Saved Tab Group is consistent. local entities count is: 0 local entities hash is: "}
{"logTime": "0319/205427", "correlationVector":"E3j3pNL6M7w/i0uup5Eqwb.10","action":"CompareDataConsistency result: ", "result":"Server did not send this WebAuthn Credentials local entities count is: 0 local entities hash is: "}
{"logTime": "0319/205427", "correlationVector":"E3j3pNL6M7w/i0uup5Eqwb.11","action":"CompareDataConsistency result: ", "result":"Compare result: Collection is consistent. local entities count is: 0 local entities hash is: "}
{"logTime": "0319/205427", "correlationVector":"E3j3pNL6M7w/i0uup5Eqwb.12","action":"CompareDataConsistency result: ", "result":"Compare result: Edge E Drop is consistent. local entities count is: 0 local entities hash is: "}
{"logTime": "0319/205427", "correlationVector":"E3j3pNL6M7w/i0uup5Eqwb.13","action":"CompareDataConsistency result: ", "result":"Compare result: Edge Wallet is consistent. local entities count is: 0 local entities hash is: "}
{"logTime": "0319/205427", "correlationVector":"E3j3pNL6M7w/i0uup5Eqwb.14","action":"CompareDataConsistency result: ", "result":"Server did not send this Edge Workspace local entities count is: 0 local entities hash is: "}
{"logTime": "0319/205427", "correlationVector":"E3j3pNL6M7w/i0uup5Eqwb.15","action":"CompareDataConsistency result: ", "result":"Compare result: Passwords is consistent. local entities count is: 330 local entities hash is: Mhgft/M+76VY83NpPNfx9K/f2Z0="}
{"logTime": "0319/205428", "correlationVector":"","action":"DIAGNOSTIC_REQUEST|v1/diagnosticData/Diagnostic.SendCheckResult()|SUCCESS", "result":""}
{"logTime": "0319/210316", "correlationVector":"YKB9RcaBeIcbdbP+7KfuFO","action":"Normal GetUpdate request", "result":"", "context":cV=YKB9RcaBeIcbdbP+7KfuFO
Notified types: Device Info}
{"logTime": "0319/210318", "correlationVector":"YKB9RcaBeIcbdbP+7KfuFO.1","action":"SyncServerConnectionManagerRequest", "result":"SYNC_SERVER_OK", "context":{"environment":"Prod_centralus_prod-s01-068-nam-centralus", "migrationStage":"NotStarted", "server":"akswtt003000003"}}
{"logTime": "0319/210318", "correlationVector":"YKB9RcaBeIcbdbP+7KfuFO.2","action":"ProcessGetUpdates", "result":"Done", "context":{"dataType":"Sessions", "deleted":"0", "process_failed_to_decrypt":"0", "process_pending_decryption":"0", "process_success":"1", "total":"1"}}
{"logTime": "0319/210318", "correlationVector":"YKB9RcaBeIcbdbP+7KfuFO.3","action":"ProcessGetUpdates", "result":"Done", "context":{"dataType":"Device Info", "deleted":"0", "process_failed_to_decrypt":"0", "process_pending_decryption":"0", "process_success":"1", "total":"1"}}
{"logTime": "0319/210318", "correlationVector":"YKB9RcaBeIcbdbP+7KfuFO.4","action":"GetUpdates Response", "result":"Success", "context":Received 2 update(s). cV=YKB9RcaBeIcbdbP+7KfuFO.0;server=akswtt003000003;cloudType=Consumer;environment=Prod_centralus_prod-s01-068-nam-centralus;migrationStage=NotStarted}
{"logTime": "0319/210419", "correlationVector":"O93CUAut7kNVL3y7Skmf2O","action":"Normal GetUpdate request", "result":"", "context":cV=O93CUAut7kNVL3y7Skmf2O
Notified types: History}
{"logTime": "0319/210419", "correlationVector":"O93CUAut7kNVL3y7Skmf2O.1","action":"SyncServerConnectionManagerRequest", "result":"SYNC_SERVER_OK", "context":{"environment":"Prod_centralus_prod-s01-068-nam-centralus", "migrationStage":"NotStarted", "server":"akswtt003000012"}}
{"logTime": "0319/210419", "correlationVector":"O93CUAut7kNVL3y7Skmf2O.2","action":"ProcessGetUpdates", "result":"Done", "context":{"dataType":"Sessions", "deleted":"5", "process_failed_to_decrypt":"0", "process_pending_decryption":"0", "process_success":"8", "total":"8"}}
{"logTime": "0319/210419", "correlationVector":"O93CUAut7kNVL3y7Skmf2O.3","action":"ProcessGetUpdates", "result":"Done", "context":{"dataType":"History", "deleted":"0", "process_failed_to_decrypt":"0", "process_pending_decryption":"0", "process_success":"7", "total":"7"}}
{"logTime": "0319/210419", "correlationVector":"O93CUAut7kNVL3y7Skmf2O.4","action":"GetUpdates Response", "result":"Success", "context":Received 15 update(s). cV=O93CUAut7kNVL3y7Skmf2O.0;server=akswtt003000012;cloudType=Consumer;environment=Prod_centralus_prod-s01-068-nam-centralus;migrationStage=NotStarted}
{"logTime": "0319/220313", "correlationVector":"6LDsU0sS/AdzFtuq0x1UNK","action":"Normal GetUpdate request", "result":"", "context":cV=6LDsU0sS/AdzFtuq0x1UNK
Notified types: Device Info}
{"logTime": "0319/220314", "correlationVector":"6LDsU0sS/AdzFtuq0x1UNK.1","action":"SyncServerConnectionManagerRequest", "result":"SYNC_SERVER_OK", "context":{"environment":"Prod_centralus_prod-s01-068-nam-centralus", "migrationStage":"NotStarted", "server":"akswtt00300000h"}}
{"logTime": "0319/220314", "correlationVector":"6LDsU0sS/AdzFtuq0x1UNK.2","action":"ProcessGetUpdates", "result":"Done", "context":{"dataType":"Sessions", "deleted":"2", "process_failed_to_decrypt":"0", "process_pending_decryption":"0", "process_success":"2", "total":"2"}}
{"logTime": "0319/220314", "correlationVector":"6LDsU0sS/AdzFtuq0x1UNK.3","action":"ProcessGetUpdates", "result":"Done", "context":{"dataType":"Device Info", "deleted":"0", "process_failed_to_decrypt":"0", "process_pending_decryption":"0", "process_success":"1", "total":"1"}}
{"logTime": "0319/220314", "correlationVector":"6LDsU0sS/AdzFtuq0x1UNK.4","action":"GetUpdates Response", "result":"Success", "context":Received 3 update(s). cV=6LDsU0sS/AdzFtuq0x1UNK.0;server=akswtt00300000h;cloudType=Consumer;environment=Prod_centralus_prod-s01-068-nam-centralus;migrationStage=NotStarted}
{"logTime": "0319/220330", "correlationVector":"lDQi4DdtkAuSrBbEJv8Ce1","action":"Normal GetUpdate request", "result":"", "context":cV=lDQi4DdtkAuSrBbEJv8Ce1
Notified types: Device Info, History}
{"logTime": "0319/220331", "correlationVector":"lDQi4DdtkAuSrBbEJv8Ce1.1","action":"SyncServerConnectionManagerRequest", "result":"SYNC_SERVER_OK", "context":{"environment":"Prod_eastus2_prod-s01-050-nam-eastus2", "migrationStage":"NotStarted", "server":"akswtt11200000d"}}
{"logTime": "0319/220331", "correlationVector":"lDQi4DdtkAuSrBbEJv8Ce1.2","action":"ProcessGetUpdates", "result":"Done", "context":{"dataType":"Sessions", "deleted":"0", "process_failed_to_decrypt":"0", "process_pending_decryption":"0", "process_success":"2", "total":"2"}}
{"logTime": "0319/220331", "correlationVector":"lDQi4DdtkAuSrBbEJv8Ce1.3","action":"ProcessGetUpdates", "result":"Done", "context":{"dataType":"Device Info", "deleted":"0", "process_failed_to_decrypt":"0", "process_pending_decryption":"0", "process_success":"1", "total":"1"}}
{"logTime": "0319/220331", "correlationVector":"lDQi4DdtkAuSrBbEJv8Ce1.4","action":"ProcessGetUpdates", "result":"Done", "context":{"dataType":"History", "deleted":"0", "process_failed_to_decrypt":"0", "process_pending_decryption":"0", "process_success":"4", "total":"4"}}
{"logTime": "0319/220331", "correlationVector":"lDQi4DdtkAuSrBbEJv8Ce1.5","action":"GetUpdates Response", "result":"Success", "context":Received 7 update(s). cV=lDQi4DdtkAuSrBbEJv8Ce1.0;server=akswtt11200000d;cloudType=Consumer;environment=Prod_eastus2_prod-s01-050-nam-eastus2;migrationStage=NotStarted}
{"logTime": "0319/220333", "correlationVector":"2r8LIfKFVtPhYD44kLvvA8","action":"Normal GetUpdate request", "result":"", "context":cV=2r8LIfKFVtPhYD44kLvvA8
Notified types: Preferences}
{"logTime": "0319/220334", "correlationVector":"2r8LIfKFVtPhYD44kLvvA8.1","action":"SyncServerConnectionManagerRequest", "result":"SYNC_SERVER_OK", "context":{"environment":"Prod_centralus_prod-s01-068-nam-centralus", "migrationStage":"NotStarted", "server":"akswtt00300000f"}}
{"logTime": "0319/220334", "correlationVector":"2r8LIfKFVtPhYD44kLvvA8.2","action":"ProcessGetUpdates", "result":"Done", "context":{"dataType":"Preferences", "deleted":"0", "process_failed_to_decrypt":"0", "process_pending_decryption":"0", "process_success":"1", "total":"1"}}
{"logTime": "0319/220334", "correlationVector":"2r8LIfKFVtPhYD44kLvvA8.3","action":"GetUpdates Response", "result":"Success", "context":Received 1 update(s). cV=2r8LIfKFVtPhYD44kLvvA8.0;server=akswtt00300000f;cloudType=Consumer;environment=Prod_centralus_prod-s01-068-nam-centralus;migrationStage=NotStarted}
{"logTime": "0319/220529", "correlationVector":"WJblJgfdww6XfmKZGC9MwZ","action":"Normal GetUpdate request", "result":"", "context":cV=WJblJgfdww6XfmKZGC9MwZ
Notified types: History}
{"logTime": "0319/220530", "correlationVector":"WJblJgfdww6XfmKZGC9MwZ.1","action":"SyncServerConnectionManagerRequest", "result":"SYNC_SERVER_OK", "context":{"environment":"Prod_centralus_prod-s01-068-nam-centralus", "migrationStage":"NotStarted", "server":"akswtt003000009"}}
{"logTime": "0319/220530", "correlationVector":"WJblJgfdww6XfmKZGC9MwZ.2","action":"ProcessGetUpdates", "result":"Done", "context":{"dataType":"Sessions", "deleted":"0", "process_failed_to_decrypt":"0", "process_pending_decryption":"0", "process_success":"2", "total":"2"}}
{"logTime": "0319/220530", "correlationVector":"WJblJgfdww6XfmKZGC9MwZ.3","action":"ProcessGetUpdates", "result":"Done", "context":{"dataType":"History", "deleted":"0", "process_failed_to_decrypt":"0", "process_pending_decryption":"0", "process_success":"2", "total":"2"}}
{"logTime": "0319/220530", "correlationVector":"WJblJgfdww6XfmKZGC9MwZ.4","action":"GetUpdates Response", "result":"Success", "context":Received 4 update(s). cV=WJblJgfdww6XfmKZGC9MwZ.0;server=akswtt003000009;cloudType=Consumer;environment=Prod_centralus_prod-s01-068-nam-centralus;migrationStage=NotStarted}
